Flow report for f15_per4
Tue Sep 08 11:04:40 2015
Quartus II Version 9.1 Build 350 03/24/2010 Service Pack 2 SJ Web Edition


---------------------
; Table of Contents ;
---------------------
  1. Legal Notice
  2. Flow Summary
  3. Flow Settings
  4. Flow Non-Default Global Settings
  5. Flow Elapsed Time
  6. Flow OS Summary
  7. Flow Log



----------------
; Legal Notice ;
----------------
Copyright (C) 1991-2010 Altera Corporation
Your use of Altera Corporation's design tools, logic functions 
and other software and tools, and its AMPP partner logic 
functions, and any output files from any of the foregoing 
(including device programming or simulation files), and any 
associated documentation or information are expressly subject 
to the terms and conditions of the Altera Program License 
Subscription Agreement, Altera MegaCore Function License 
Agreement, or other applicable license agreement, including, 
without limitation, that your use is for the sole purpose of 
programming logic devices manufactured by Altera and sold by 
Altera or its authorized distributors.  Please refer to the 
applicable agreement for further details.



+------------------------------------------------------------------------+
; Flow Summary                                                           ;
+-------------------------+----------------------------------------------+
; Flow Status             ; Successful - Tue Sep 08 11:04:40 2015        ;
; Quartus II Version      ; 9.1 Build 350 03/24/2010 SP 2 SJ Web Edition ;
; Revision Name           ; f15_per4                                     ;
; Top-level Entity Name   ; f15_per4                                     ;
; Family                  ; MAX3000A                                     ;
; Device                  ; EPM3064ALC44-10                              ;
; Timing Models           ; Final                                        ;
; Met timing requirements ; Yes                                          ;
; Total macrocells        ; 1 / 64 ( 2 % )                               ;
; Total pins              ; 8 / 34 ( 24 % )                              ;
+-------------------------+----------------------------------------------+


+-----------------------------------------+
; Flow Settings                           ;
+-------------------+---------------------+
; Option            ; Setting             ;
+-------------------+---------------------+
; Start date & time ; 09/08/2015 11:04:29 ;
; Main task         ; Compilation         ;
; Revision Name     ; f15_per4            ;
+-------------------+---------------------+


+--------------------------------------------------------------------------------------------------------------------+
; Flow Non-Default Global Settings                                                                                   ;
+------------------------------------+--------------------------------+---------------+-------------+----------------+
; Assignment Name                    ; Value                          ; Default Value ; Entity Name ; Section Id     ;
+------------------------------------+--------------------------------+---------------+-------------+----------------+
; COMPILER_SIGNATURE_ID              ; 128333956517.144172466917336   ; --            ; --          ; --             ;
; FITTER_EFFORT                      ; Standard Fit                   ; Auto Fit      ; --          ; --             ;
; OPTIMIZE_HOLD_TIMING               ; IO Paths and Minimum TPD Paths ; --            ; --          ; --             ;
; SEARCH_PATH                        ; alu/                           ; --            ; --          ; --             ;
; SEARCH_PATH                        ; controller/                    ; --            ; --          ; --             ;
; SEARCH_PATH                        ; cpu/                           ; --            ; --          ; --             ;
; SEARCH_PATH                        ; ir/                            ; --            ; --          ; --             ;
; SEARCH_PATH                        ; pc_mar_ix/                     ; --            ; --          ; --             ;
; SEARCH_PATH                        ; xdr_ydr/                       ; --            ; --          ; --             ;
; USE_GENERATED_PHYSICAL_CONSTRAINTS ; Off                            ; --            ; --          ; eda_blast_fpga ;
+------------------------------------+--------------------------------+---------------+-------------+----------------+


+-----------------------------------------------------------------------------------------------------------------------------+
; Flow Elapsed Time                                                                                                           ;
+-------------------------+--------------+-------------------------+---------------------+------------------------------------+
; Module Name             ; Elapsed Time ; Average Processors Used ; Peak Virtual Memory ; Total CPU Time (on all processors) ;
+-------------------------+--------------+-------------------------+---------------------+------------------------------------+
; Analysis & Synthesis    ; 00:00:04     ; 1.0                     ; 201 MB              ; 00:00:01                           ;
; Fitter                  ; 00:00:01     ; 1.0                     ; 156 MB              ; 00:00:00                           ;
; Assembler               ; 00:00:01     ; 1.0                     ; 173 MB              ; 00:00:00                           ;
; Classic Timing Analyzer ; 00:00:00     ; 1.0                     ; 144 MB              ; 00:00:00                           ;
; Total                   ; 00:00:06     ; --                      ; --                  ; 00:00:01                           ;
+-------------------------+--------------+-------------------------+---------------------+------------------------------------+


+------------------------------------------------------------------------------------------+
; Flow OS Summary                                                                          ;
+-------------------------+------------------+---------------+------------+----------------+
; Module Name             ; Machine Hostname ; OS Name       ; OS Version ; Processor type ;
+-------------------------+------------------+---------------+------------+----------------+
; Analysis & Synthesis    ; ems-tablet-2011  ; Windows Vista ; 6.1        ; x86_64         ;
; Fitter                  ; ems-tablet-2011  ; Windows Vista ; 6.1        ; x86_64         ;
; Assembler               ; ems-tablet-2011  ; Windows Vista ; 6.1        ; x86_64         ;
; Classic Timing Analyzer ; ems-tablet-2011  ; Windows Vista ; 6.1        ; x86_64         ;
+-------------------------+------------------+---------------+------------+----------------+


------------
; Flow Log ;
------------
quartus_map --read_settings_files=on --write_settings_files=off f15_per4 -c f15_per4
quartus_fit --read_settings_files=off --write_settings_files=off f15_per4 -c f15_per4
quartus_asm --read_settings_files=off --write_settings_files=off f15_per4 -c f15_per4
quartus_tan --read_settings_files=off --write_settings_files=off f15_per4 -c f15_per4



