Flow report for thur_per9
Thu Sep 02 16:47:57 2010
Quartus II Version 9.1 Build 350 03/24/2010 Service Pack 2 SJ Web Edition


---------------------
; Table of Contents ;
---------------------
  1. Legal Notice
  2. Flow Summary
  3. Flow Settings
  4. Flow Non-Default Global Settings
  5. Flow Elapsed Time
  6. Flow OS Summary
  7. Flow Log



----------------
; Legal Notice ;
----------------
Copyright (C) 1991-2010 Altera Corporation
Your use of Altera Corporation's design tools, logic functions 
and other software and tools, and its AMPP partner logic 
functions, and any output files from any of the foregoing 
(including device programming or simulation files), and any 
associated documentation or information are expressly subject 
to the terms and conditions of the Altera Program License 
Subscription Agreement, Altera MegaCore Function License 
Agreement, or other applicable license agreement, including, 
without limitation, that your use is for the sole purpose of 
programming logic devices manufactured by Altera and sold by 
Altera or its authorized distributors.  Please refer to the 
applicable agreement for further details.



+------------------------------------------------------------------------+
; Flow Summary                                                           ;
+-------------------------+----------------------------------------------+
; Flow Status             ; Successful - Thu Sep 02 16:47:57 2010        ;
; Quartus II Version      ; 9.1 Build 350 03/24/2010 SP 2 SJ Web Edition ;
; Revision Name           ; thur_per9                                    ;
; Top-level Entity Name   ; thur_per9                                    ;
; Family                  ; MAX7000S                                     ;
; Device                  ; EPM7064SLC44-10                              ;
; Timing Models           ; Final                                        ;
; Met timing requirements ; Yes                                          ;
; Total macrocells        ; 1 / 64 ( 2 % )                               ;
; Total pins              ; 8 / 36 ( 22 % )                              ;
+-------------------------+----------------------------------------------+


+-----------------------------------------+
; Flow Settings                           ;
+-------------------+---------------------+
; Option            ; Setting             ;
+-------------------+---------------------+
; Start date & time ; 09/02/2010 16:47:36 ;
; Main task         ; Compilation         ;
; Revision Name     ; thur_per9           ;
+-------------------+---------------------+


+-----------------------------------------------------------------------------------------------------------------+
; Flow Non-Default Global Settings                                                                                ;
+------------------------------------+-----------------------------+---------------+-------------+----------------+
; Assignment Name                    ; Value                       ; Default Value ; Entity Name ; Section Id     ;
+------------------------------------+-----------------------------+---------------+-------------+----------------+
; COMPILER_SIGNATURE_ID              ; 82151831672.128346045602620 ; --            ; --          ; --             ;
; MAX_CORE_JUNCTION_TEMP             ; 85                          ; --            ; --          ; --             ;
; MIN_CORE_JUNCTION_TEMP             ; 0                           ; --            ; --          ; --             ;
; USE_GENERATED_PHYSICAL_CONSTRAINTS ; Off                         ; --            ; --          ; eda_blast_fpga ;
+------------------------------------+-----------------------------+---------------+-------------+----------------+


+-----------------------------------------------------------------------------------------------------------------------------+
; Flow Elapsed Time                                                                                                           ;
+-------------------------+--------------+-------------------------+---------------------+------------------------------------+
; Module Name             ; Elapsed Time ; Average Processors Used ; Peak Virtual Memory ; Total CPU Time (on all processors) ;
+-------------------------+--------------+-------------------------+---------------------+------------------------------------+
; Analysis & Synthesis    ; 00:00:06     ; 1.0                     ; 192 MB              ; 00:00:03                           ;
; Fitter                  ; 00:00:02     ; 1.0                     ; 157 MB              ; 00:00:02                           ;
; Assembler               ; 00:00:03     ; 1.0                     ; 168 MB              ; 00:00:01                           ;
; Classic Timing Analyzer ; 00:00:03     ; 1.0                     ; 140 MB              ; 00:00:03                           ;
; Total                   ; 00:00:14     ; --                      ; --                  ; 00:00:09                           ;
+-------------------------+--------------+-------------------------+---------------------+------------------------------------+


+------------------------------------------------------------------------------------------+
; Flow OS Summary                                                                          ;
+-------------------------+------------------+---------------+------------+----------------+
; Module Name             ; Machine Hostname ; OS Name       ; OS Version ; Processor type ;
+-------------------------+------------------+---------------+------------+----------------+
; Analysis & Synthesis    ; AT-CS-NEB-0202   ; Windows Vista ; 6.1        ; i1586          ;
; Fitter                  ; AT-CS-NEB-0202   ; Windows Vista ; 6.1        ; i1586          ;
; Assembler               ; AT-CS-NEB-0202   ; Windows Vista ; 6.1        ; i1586          ;
; Classic Timing Analyzer ; AT-CS-NEB-0202   ; Windows Vista ; 6.1        ; i1586          ;
+-------------------------+------------------+---------------+------------+----------------+


------------
; Flow Log ;
------------
quartus_map --read_settings_files=on --write_settings_files=off thur_per9 -c thur_per9
quartus_fit --read_settings_files=off --write_settings_files=off thur_per9 -c thur_per9
quartus_asm --read_settings_files=off --write_settings_files=off thur_per9 -c thur_per9
quartus_tan --read_settings_files=off --write_settings_files=off thur_per9 -c thur_per9



