Flow report for R_per6
Thu Sep 04 12:22:06 2008
Quartus II Version 8.0 Build 231 07/10/2008 Service Pack 1 SJ Web Edition


---------------------
; Table of Contents ;
---------------------
  1. Legal Notice
  2. Flow Summary
  3. Flow Settings
  4. Flow Non-Default Global Settings
  5. Flow Elapsed Time
  6. Flow Log



----------------
; Legal Notice ;
----------------
Copyright (C) 1991-2008 Altera Corporation
Your use of Altera Corporation's design tools, logic functions 
and other software and tools, and its AMPP partner logic 
functions, and any output files from any of the foregoing 
(including device programming or simulation files), and any 
associated documentation or information are expressly subject 
to the terms and conditions of the Altera Program License 
Subscription Agreement, Altera MegaCore Function License 
Agreement, or other applicable license agreement, including, 
without limitation, that your use is for the sole purpose of 
programming logic devices manufactured by Altera and sold by 
Altera or its authorized distributors.  Please refer to the 
applicable agreement for further details.



+------------------------------------------------------------------------+
; Flow Summary                                                           ;
+-------------------------+----------------------------------------------+
; Flow Status             ; Successful - Thu Sep 04 12:22:05 2008        ;
; Quartus II Version      ; 8.0 Build 231 07/10/2008 SP 1 SJ Web Edition ;
; Revision Name           ; R_per6                                       ;
; Top-level Entity Name   ; R_per6                                       ;
; Family                  ; MAX7000S                                     ;
; Device                  ; EPM7064SLC44-10                              ;
; Timing Models           ; Final                                        ;
; Met timing requirements ; N/A                                          ;
; Total macrocells        ; 1                                            ;
; Total pins              ; 4                                            ;
+-------------------------+----------------------------------------------+


+-----------------------------------------+
; Flow Settings                           ;
+-------------------+---------------------+
; Option            ; Setting             ;
+-------------------+---------------------+
; Start date & time ; 09/04/2008 12:22:03 ;
; Main task         ; Compilation         ;
; Revision Name     ; R_per6              ;
+-------------------+---------------------+


+-------------------------------------------------------------------------------------------------------------+
; Flow Non-Default Global Settings                                                                            ;
+------------------------------------+-----------------------------+---------------+-------------+------------+
; Assignment Name                    ; Value                       ; Default Value ; Entity Name ; Section Id ;
+------------------------------------+-----------------------------+---------------+-------------+------------+
; COMPILER_SIGNATURE_ID              ; 33987793733.122054532301404 ; --            ; --          ; --         ;
; MAX_CORE_JUNCTION_TEMP             ; 85                          ; --            ; --          ; --         ;
; MIN_CORE_JUNCTION_TEMP             ; 0                           ; --            ; --          ; --         ;
; USE_GENERATED_PHYSICAL_CONSTRAINTS ; Off                         ; --            ; --          ; eda_palace ;
+------------------------------------+-----------------------------+---------------+-------------+------------+


+--------------------------------------------------------------------------------------------------------------------------+
; Flow Elapsed Time                                                                                                        ;
+----------------------+--------------+-------------------------+---------------------+------------------------------------+
; Module Name          ; Elapsed Time ; Average Processors Used ; Peak Virtual Memory ; Total CPU Time (on all processors) ;
+----------------------+--------------+-------------------------+---------------------+------------------------------------+
; Analysis & Synthesis ; 00:00:02     ; 1.0                     ; 149 MB              ; 00:00:02                           ;
; Total                ; 00:00:02     ; --                      ; --                  ; 00:00:02                           ;
+----------------------+--------------+-------------------------+---------------------+------------------------------------+


------------
; Flow Log ;
------------
quartus_map --read_settings_files=on --write_settings_files=off R_per6 -c R_per6



